<?xml version="1.0" encoding="utf-8" standalone="no"?>
<!--This file represents the results of running a test suite-->
<test-results name="C:\Users\Flotschi\git\handle\Handle.WPF\Handle.WPF.Test\bin\Debug\Handle.WPF.Test.dll" total="4" errors="0" failures="4" not-run="0" inconclusive="0" ignored="0" skipped="0" invalid="0" date="2012-01-29" time="11:10:03">
  <environment nunit-version="2.5.10.11092" clr-version="2.0.50727.5448" os-version="Microsoft Windows NT 6.1.7601 Service Pack 1" platform="Win32NT" cwd="C:\Users\Flotschi\git\handle" machine-name="FLOTSCHI-LAPI" user="Flotschi" user-domain="Flotschi-Lapi" />
  <culture-info current-culture="de-DE" current-uiculture="de-DE" />
  <test-suite type="Assembly" name="C:\Users\Flotschi\git\handle\Handle.WPF\Handle.WPF.Test\bin\Debug\Handle.WPF.Test.dll" executed="True" result="Failure" success="False" time="25.759" asserts="0">
    <results>
      <test-suite type="Namespace" name="Handle" executed="True" result="Failure" success="False" time="25.742" asserts="0">
        <results>
          <test-suite type="Namespace" name="WPF" executed="True" result="Failure" success="False" time="25.741" asserts="0">
            <results>
              <test-suite type="Namespace" name="Test" executed="True" result="Failure" success="False" time="25.741" asserts="0">
                <results>
                  <test-suite type="TestFixture" name="NetworkManagmentTest" executed="True" result="Failure" success="False" time="19.540" asserts="0">
                    <results>
                      <test-case name="Handle.WPF.Test.NetworkManagmentTest.EditNetworkTest" executed="True" result="Failure" success="False" time="6.898" asserts="3">
                        <failure>
                          <message><![CDATA[  Expected: not null
  But was:  null
]]></message>
                          <stack-trace><![CDATA[bei Handle.WPF.Test.NetworkManagmentTest.OpenNetworkWindow() in c:\Users\Flotschi\git\handle\Handle.WPF\Handle.WPF.Test\NetworkManagmentTest.cs:Zeile 105.
bei Handle.WPF.Test.NetworkManagmentTest.EditNetworkTest() in c:\Users\Flotschi\git\handle\Handle.WPF\Handle.WPF.Test\NetworkManagmentTest.cs:Zeile 52.
]]></stack-trace>
                        </failure>
                      </test-case>
                      <test-case name="Handle.WPF.Test.NetworkManagmentTest.NewNetworkTest" executed="True" result="Failure" success="False" time="6.293" asserts="3">
                        <failure>
                          <message><![CDATA[  Expected: not null
  But was:  null
]]></message>
                          <stack-trace><![CDATA[bei Handle.WPF.Test.NetworkManagmentTest.OpenNetworkWindow() in c:\Users\Flotschi\git\handle\Handle.WPF\Handle.WPF.Test\NetworkManagmentTest.cs:Zeile 105.
bei Handle.WPF.Test.NetworkManagmentTest.NewNetworkTest() in c:\Users\Flotschi\git\handle\Handle.WPF\Handle.WPF.Test\NetworkManagmentTest.cs:Zeile 30.
]]></stack-trace>
                        </failure>
                      </test-case>
                      <test-case name="Handle.WPF.Test.NetworkManagmentTest.RemoveNetworkTest" executed="True" result="Failure" success="False" time="6.258" asserts="3">
                        <failure>
                          <message><![CDATA[  Expected: not null
  But was:  null
]]></message>
                          <stack-trace><![CDATA[bei Handle.WPF.Test.NetworkManagmentTest.OpenNetworkWindow() in c:\Users\Flotschi\git\handle\Handle.WPF\Handle.WPF.Test\NetworkManagmentTest.cs:Zeile 105.
bei Handle.WPF.Test.NetworkManagmentTest.RemoveNetworkTest() in c:\Users\Flotschi\git\handle\Handle.WPF\Handle.WPF.Test\NetworkManagmentTest.cs:Zeile 41.
]]></stack-trace>
                        </failure>
                      </test-case>
                    </results>
                  </test-suite>
                  <test-suite type="TestFixture" name="ShortcutTest" executed="True" result="Failure" success="False" time="6.193" asserts="0">
                    <results>
                      <test-case name="Handle.WPF.Test.ShortcutTest.OpenNetworkWindow" executed="True" result="Failure" success="False" time="6.192" asserts="3">
                        <failure>
                          <message><![CDATA[  Expected: not null
  But was:  null
]]></message>
                          <stack-trace><![CDATA[bei Handle.WPF.Test.ShortcutTest.OpenNetworkWindow() in c:\Users\Flotschi\git\handle\Handle.WPF\Handle.WPF.Test\ShortcutTest.cs:Zeile 34.
]]></stack-trace>
                        </failure>
                      </test-case>
                    </results>
                  </test-suite>
                </results>
              </test-suite>
            </results>
          </test-suite>
        </results>
      </test-suite>
    </results>
  </test-suite>
</test-results>